<?xml version="1.0" encoding="UTF-8"?>
<!-- Generated by org.testng.reporters.JUnitReportReporter -->
<testsuite hostname="Radens-MacBook-Pro.local" failures="0" tests="1" name="SauceDemoTest.About" time="109.710" errors="0" timestamp="2025-05-15T02:14:30 WIB" skipped="0">
  <testcase classname="SauceDemoTest.About" name="userCanNavigateToAbout" time="109.710"/>
</testsuite> <!-- SauceDemoTest.About -->
