<?xml version="1.0" encoding="UTF-8"?>
<!-- Generated by org.testng.reporters.JUnitReportReporter -->
<testsuite hostname="Radens-MacBook-Pro.local" failures="0" tests="1" name="SauceDemoTest.About" time="8.423" errors="0" timestamp="2025-05-15T11:21:58 WIB" skipped="0">
  <testcase classname="SauceDemoTest.About" name="userCanNavigateToAbout" time="8.423"/>
</testsuite> <!-- SauceDemoTest.About -->
