<?xml version="1.0" encoding="UTF-8"?>
<!-- Generated by org.testng.reporters.JUnitReportReporter -->
<testsuite hostname="Radens-MacBook-Pro.local" failures="0" tests="1" name="SauceDemoTest.About" time="6.498" errors="0" timestamp="2025-05-15T12:37:25 WIB" skipped="0">
  <testcase classname="SauceDemoTest.About" name="userCanNavigateToAbout" time="6.498"/>
</testsuite> <!-- SauceDemoTest.About -->
