<?xml version="1.0" encoding="UTF-8"?>
<!-- Generated by org.testng.reporters.JUnitReportReporter -->
<testsuite hostname="Radens-MacBook-Pro.local" failures="0" tests="2" name="SauceDemoTest.AddProductToCart" time="0.871" errors="0" timestamp="2025-05-15T12:37:25 WIB" skipped="0">
  <testcase classname="SauceDemoTest.AddProductToCart" name="userCanAddSauceLabsBackpack" time="0.615"/>
  <testcase classname="SauceDemoTest.AddProductToCart" name="userCanAddSauceLabsFleeceJacket" time="0.256"/>
</testsuite> <!-- SauceDemoTest.AddProductToCart -->
