<?xml version="1.0" encoding="UTF-8"?>
<!-- Generated by org.testng.reporters.JUnitReportReporter -->
<testsuite hostname="Radens-MacBook-Pro.local" failures="0" tests="2" name="SauceDemoTest.AddProductToCart" time="0.832" errors="0" timestamp="2025-05-15T11:21:58 WIB" skipped="0">
  <testcase classname="SauceDemoTest.AddProductToCart" name="userCanAddSauceLabsBackpack" time="0.578"/>
  <testcase classname="SauceDemoTest.AddProductToCart" name="userCanAddSauceLabsFleeceJacket" time="0.254"/>
</testsuite> <!-- SauceDemoTest.AddProductToCart -->
